[2023-06-15 07:00:02.245756]   File "/home/ubuntu/programs/update.py", line 98
[2023-06-15 07:00:02.245894]     print("Updated {} successfully.".format(station_code))
[2023-06-15 07:00:02.245942] TabError: inconsistent use of tabs and spaces in indentation
[2023-06-16 07:00:02.028025]   File "/home/ubuntu/programs/update.py", line 98
[2023-06-16 07:00:02.028171]     print("Updated {} successfully.".format(station_code))
[2023-06-16 07:00:02.028197] TabError: inconsistent use of tabs and spaces in indentation
[2023-06-17 07:00:01.869175]   File "/home/ubuntu/programs/update.py", line 98
[2023-06-17 07:00:01.869338]     print("Updated {} successfully.".format(station_code))
[2023-06-17 07:00:01.869364] TabError: inconsistent use of tabs and spaces in indentation
[2023-06-18 07:00:01.582279]   File "/home/ubuntu/programs/update.py", line 98
[2023-06-18 07:00:01.582408]     print("Updated {} successfully.".format(station_code))
[2023-06-18 07:00:01.582454] TabError: inconsistent use of tabs and spaces in indentation
[2023-06-19 07:00:01.286286]   File "/home/ubuntu/programs/update.py", line 98
[2023-06-19 07:00:01.286569]     print("Updated {} successfully.".format(station_code))
[2023-06-19 07:00:01.286596] TabError: inconsistent use of tabs and spaces in indentation
[2023-06-20 07:00:02.063894]   File "/home/ubuntu/programs/update.py", line 98
[2023-06-20 07:00:02.064061]     print("Updated {} successfully.".format(station_code))
[2023-06-20 07:00:02.064088] TabError: inconsistent use of tabs and spaces in indentation
[2023-06-21 07:00:02.010337]   File "/home/ubuntu/programs/update.py", line 98
[2023-06-21 07:00:02.010502]     print("Updated {} successfully.".format(station_code))
[2023-06-21 07:00:02.010528] TabError: inconsistent use of tabs and spaces in indentation
[2023-06-22 07:00:07.826937] Updated KTPA successfully.
[2023-06-22 07:00:07.827038] Updated KVDF successfully.
[2023-06-22 07:00:07.827057] Updated PHTO successfully.
[2023-06-22 07:00:07.827071] Updated KOXR successfully.
[2023-06-23 07:00:08.441903] Updated KTPA successfully.
[2023-06-23 07:00:08.442000] Updated KVDF successfully.
[2023-06-23 07:00:08.442020] Updated PHTO successfully.
[2023-06-23 07:00:08.442034] Updated KOXR successfully.
[2023-06-24 07:00:08.973526] Updated KTPA successfully.
[2023-06-24 07:00:08.973624] Updated KVDF successfully.
[2023-06-24 07:00:08.973644] Updated PHTO successfully.
[2023-06-24 07:00:08.973658] Updated KOXR successfully.
[2023-06-25 07:00:07.747791] Updated KTPA successfully.
[2023-06-25 07:00:07.747891] Updated KVDF successfully.
[2023-06-25 07:00:07.747911] Updated PHTO successfully.
[2023-06-25 07:00:07.747925] Updated KOXR successfully.
[2023-06-26 07:00:08.628807] Updated KTPA successfully.
[2023-06-26 07:00:08.628908] Updated KVDF successfully.
[2023-06-26 07:00:08.628928] Updated PHTO successfully.
[2023-06-26 07:00:08.628942] Updated KOXR successfully.
[2023-06-27 07:00:07.463191] Updated KTPA successfully.
[2023-06-27 07:00:07.463288] Updated KVDF successfully.
[2023-06-27 07:00:07.463308] Updated PHTO successfully.
[2023-06-27 07:00:07.463321] Updated KOXR successfully.
[2023-06-28 07:00:07.787475] Updated KTPA successfully.
[2023-06-28 07:00:07.787573] Updated KVDF successfully.
[2023-06-28 07:00:07.787593] Updated PHTO successfully.
[2023-06-28 07:00:07.787607] Updated KOXR successfully.
[2023-06-29 07:00:06.814970] Updated KTPA successfully.
[2023-06-29 07:00:06.815069] Updated KVDF successfully.
[2023-06-29 07:00:06.815091] Updated PHTO successfully.
[2023-06-29 07:00:06.815105] Updated KOXR successfully.
[2023-06-30 07:00:05.926535] Updated KTPA successfully.
[2023-06-30 07:00:05.926636] Updated KVDF successfully.
[2023-06-30 07:00:05.926656] Updated PHTO successfully.
[2023-06-30 07:00:05.926670] Updated KOXR successfully.
[2023-07-01 07:00:07.292011] Updated KTPA successfully.
[2023-07-01 07:00:07.292109] Updated KVDF successfully.
[2023-07-01 07:00:07.292128] Updated PHTO successfully.
[2023-07-01 07:00:07.292142] Updated KOXR successfully.
[2023-07-02 07:00:07.086478] Updated KTPA successfully.
[2023-07-02 07:00:07.086574] Updated KVDF successfully.
[2023-07-02 07:00:07.086594] Updated PHTO successfully.
[2023-07-02 07:00:07.086607] Updated KOXR successfully.
[2023-07-03 07:00:06.288040] Updated KTPA successfully.
[2023-07-03 07:00:06.288138] Updated KVDF successfully.
[2023-07-03 07:00:06.288159] Updated PHTO successfully.
[2023-07-03 07:00:06.288173] Updated KOXR successfully.
[2023-07-04 07:00:06.109730] Updated KTPA successfully.
[2023-07-04 07:00:06.109828] Updated KVDF successfully.
[2023-07-04 07:00:06.109848] Updated PHTO successfully.
[2023-07-04 07:00:06.109861] Updated KOXR successfully.
[2023-07-05 07:00:08.578025] Updated KTPA successfully.
[2023-07-05 07:00:08.578122] Updated KVDF successfully.
[2023-07-05 07:00:08.578141] Updated PHTO successfully.
[2023-07-05 07:00:08.578155] Updated KOXR successfully.
[2023-07-06 07:00:11.372081] Updated KTPA successfully.
[2023-07-06 07:00:11.372179] Updated KVDF successfully.
[2023-07-06 07:00:11.372200] Updated PHTO successfully.
[2023-07-06 07:00:11.372213] Updated KOXR successfully.
[2023-07-07 07:00:06.745017] Updated KTPA successfully.
[2023-07-07 07:00:06.745115] Updated KVDF successfully.
[2023-07-07 07:00:06.745135] Updated PHTO successfully.
[2023-07-07 07:00:06.745149] Updated KOXR successfully.
[2023-07-08 07:00:05.515090] Updated KTPA successfully.
[2023-07-08 07:00:05.515189] Updated KVDF successfully.
[2023-07-08 07:00:05.515209] Updated PHTO successfully.
[2023-07-08 07:00:05.515223] Updated KOXR successfully.
[2023-07-09 07:00:06.974976] Updated KTPA successfully.
[2023-07-09 07:00:06.975075] Updated KVDF successfully.
[2023-07-09 07:00:06.975099] Updated PHTO successfully.
[2023-07-09 07:00:06.975113] Updated KOXR successfully.
[2023-07-10 07:00:08.100974] Updated KTPA successfully.
[2023-07-10 07:00:08.101070] Updated KVDF successfully.
[2023-07-10 07:00:08.101090] Updated PHTO successfully.
[2023-07-10 07:00:08.101103] Updated KOXR successfully.
[2023-07-11 07:00:09.479352] Updated KTPA successfully.
[2023-07-11 07:00:09.479447] Updated KVDF successfully.
[2023-07-11 07:00:09.479467] Updated PHTO successfully.
[2023-07-11 07:00:09.479481] Updated KOXR successfully.
[2023-07-12 07:00:07.335847] Updated KTPA successfully.
[2023-07-12 07:00:07.335947] Updated KVDF successfully.
[2023-07-12 07:00:07.335967] Updated PHTO successfully.
[2023-07-12 07:00:07.335981] Updated KOXR successfully.
[2023-07-13 07:00:05.925982] Updated KTPA successfully.
[2023-07-13 07:00:05.926079] Updated KVDF successfully.
[2023-07-13 07:00:05.926098] Updated PHTO successfully.
[2023-07-13 07:00:05.926112] Updated KOXR successfully.
[2023-07-14 07:00:15.514020] Updated KTPA successfully.
[2023-07-14 07:00:15.514121] Updated KVDF successfully.
[2023-07-14 07:00:15.514142] Updated PHTO successfully.
[2023-07-14 07:00:15.514156] Updated KOXR successfully.
[2023-07-15 07:00:09.429383] Updated KTPA successfully.
[2023-07-15 07:00:09.429481] Updated KVDF successfully.
[2023-07-15 07:00:09.429508] Updated PHTO successfully.
[2023-07-15 07:00:09.429522] Updated KOXR successfully.
[2023-07-16 07:00:08.479888] Updated KTPA successfully.
[2023-07-16 07:00:08.479986] Updated KVDF successfully.
[2023-07-16 07:00:08.480005] Updated PHTO successfully.
[2023-07-16 07:00:08.480018] Updated KOXR successfully.
[2023-07-17 07:00:07.855734] Updated KTPA successfully.
[2023-07-17 07:00:07.855831] Updated KVDF successfully.
[2023-07-17 07:00:07.855851] Updated PHTO successfully.
[2023-07-17 07:00:07.855865] Updated KOXR successfully.
[2023-07-18 07:00:08.552710] Updated KTPA successfully.
[2023-07-18 07:00:08.552809] Updated KVDF successfully.
[2023-07-18 07:00:08.552829] Updated PHTO successfully.
[2023-07-18 07:00:08.552843] Updated KOXR successfully.
[2023-07-19 07:00:08.714864] Updated KTPA successfully.
[2023-07-19 07:00:08.714962] Updated KVDF successfully.
[2023-07-19 07:00:08.714982] Updated PHTO successfully.
[2023-07-19 07:00:08.714995] Updated KOXR successfully.
[2023-07-20 07:00:09.005798] Updated KTPA successfully.
[2023-07-20 07:00:09.005915] Updated KVDF successfully.
[2023-07-20 07:00:09.005935] Updated PHTO successfully.
[2023-07-20 07:00:09.005948] Updated KOXR successfully.
[2023-07-21 07:00:08.801688] Updated KTPA successfully.
[2023-07-21 07:00:08.801787] Updated KVDF successfully.
[2023-07-21 07:00:08.801806] Updated PHTO successfully.
[2023-07-21 07:00:08.801820] Updated KOXR successfully.
[2023-07-22 07:00:07.742228] Updated KTPA successfully.
[2023-07-22 07:00:07.742324] Updated KVDF successfully.
[2023-07-22 07:00:07.742344] Updated PHTO successfully.
[2023-07-22 07:00:07.742357] Updated KOXR successfully.
[2023-07-23 07:00:07.980617] Updated KTPA successfully.
[2023-07-23 07:00:07.980716] Updated KVDF successfully.
[2023-07-23 07:00:07.980735] Updated PHTO successfully.
[2023-07-23 07:00:07.980749] Updated KOXR successfully.
[2023-07-24 07:00:08.643957] Updated KTPA successfully.
[2023-07-24 07:00:08.644055] Updated KVDF successfully.
[2023-07-24 07:00:08.644075] Updated PHTO successfully.
[2023-07-24 07:00:08.644090] Updated KOXR successfully.
[2023-07-25 07:00:06.791192] Updated KTPA successfully.
[2023-07-25 07:00:06.791291] Updated KVDF successfully.
[2023-07-25 07:00:06.791312] Updated PHTO successfully.
[2023-07-25 07:00:06.791326] Updated KOXR successfully.
[2023-07-26 07:00:06.930799] Updated KTPA successfully.
[2023-07-26 07:00:06.930898] Updated KVDF successfully.
[2023-07-26 07:00:06.930920] Updated PHTO successfully.
[2023-07-26 07:00:06.930934] Updated KOXR successfully.
[2023-07-27 07:00:06.131670] Updated KTPA successfully.
[2023-07-27 07:00:06.131768] Updated KVDF successfully.
[2023-07-27 07:00:06.131789] Updated PHTO successfully.
[2023-07-27 07:00:06.131802] Updated KOXR successfully.
[2023-07-28 07:00:07.767198] Updated KTPA successfully.
[2023-07-28 07:00:07.767308] Updated KVDF successfully.
[2023-07-28 07:00:07.767327] Updated PHTO successfully.
[2023-07-28 07:00:07.767340] Updated KOXR successfully.
[2023-07-29 07:00:05.924395] Updated KTPA successfully.
[2023-07-29 07:00:05.924491] Updated KVDF successfully.
[2023-07-29 07:00:05.924510] Updated PHTO successfully.
[2023-07-29 07:00:05.924523] Updated KOXR successfully.
[2023-07-30 07:00:06.991285] Updated KTPA successfully.
[2023-07-30 07:00:06.991383] Updated KVDF successfully.
[2023-07-30 07:00:06.991402] Updated PHTO successfully.
[2023-07-30 07:00:06.991415] Updated KOXR successfully.
[2023-07-31 07:00:06.736759] Updated KTPA successfully.
[2023-07-31 07:00:06.736858] Updated KVDF successfully.
[2023-07-31 07:00:06.736886] Updated PHTO successfully.
[2023-07-31 07:00:06.736900] Updated KOXR successfully.
[2023-08-01 07:00:07.240358] Updated KTPA successfully.
[2023-08-01 07:00:07.240455] Updated KVDF successfully.
[2023-08-01 07:00:07.240473] Updated PHTO successfully.
[2023-08-01 07:00:07.240486] Updated KOXR successfully.
[2023-08-02 07:00:07.879156] Updated KTPA successfully.
[2023-08-02 07:00:07.879251] Updated KVDF successfully.
[2023-08-02 07:00:07.879270] Updated PHTO successfully.
[2023-08-02 07:00:07.879283] Updated KOXR successfully.
[2023-08-03 07:00:07.983852] Updated KTPA successfully.
[2023-08-03 07:00:07.983954] Updated KVDF successfully.
[2023-08-03 07:00:07.983973] Updated PHTO successfully.
[2023-08-03 07:00:07.983986] Updated KOXR successfully.
[2023-08-04 07:00:08.567416] Updated KTPA successfully.
[2023-08-04 07:00:08.567519] Updated KVDF successfully.
[2023-08-04 07:00:08.567538] Updated PHTO successfully.
[2023-08-04 07:00:08.567552] Updated KOXR successfully.
[2023-08-05 07:00:09.436465] Updated KTPA successfully.
[2023-08-05 07:00:09.436563] Updated KVDF successfully.
[2023-08-05 07:00:09.436584] Updated PHTO successfully.
[2023-08-05 07:00:09.436597] Updated KOXR successfully.
[2023-08-06 07:00:06.824005] Updated KTPA successfully.
[2023-08-06 07:00:06.824100] Updated KVDF successfully.
[2023-08-06 07:00:06.824119] Updated PHTO successfully.
[2023-08-06 07:00:06.824133] Updated KOXR successfully.
[2023-08-07 07:00:10.100698] Updated KTPA successfully.
[2023-08-07 07:00:10.100802] Updated KVDF successfully.
[2023-08-07 07:00:10.100822] Updated PHTO successfully.
[2023-08-07 07:00:10.100835] Updated KOXR successfully.
[2023-08-08 07:00:09.371598] Updated KTPA successfully.
[2023-08-08 07:00:09.371696] Updated KVDF successfully.
[2023-08-08 07:00:09.371715] Updated PHTO successfully.
[2023-08-08 07:00:09.371728] Updated KOXR successfully.
[2023-08-09 07:00:07.730137] Updated KTPA successfully.
[2023-08-09 07:00:07.730233] Updated KVDF successfully.
[2023-08-09 07:00:07.730251] Updated PHTO successfully.
[2023-08-09 07:00:07.730264] Updated KOXR successfully.
[2023-08-10 07:00:09.998329] Updated KTPA successfully.
[2023-08-10 07:00:09.998424] Updated KVDF successfully.
[2023-08-10 07:00:09.998442] Updated PHTO successfully.
[2023-08-10 07:00:09.998455] Updated KOXR successfully.
[2023-08-11 07:00:08.134909] Updated KTPA successfully.
[2023-08-11 07:00:08.135003] Updated KVDF successfully.
[2023-08-11 07:00:08.135022] Updated PHTO successfully.
[2023-08-11 07:00:08.135034] Updated KOXR successfully.
[2023-08-12 07:00:07.532059] Updated KTPA successfully.
[2023-08-12 07:00:07.532156] Updated KVDF successfully.
[2023-08-12 07:00:07.532175] Updated PHTO successfully.
[2023-08-12 07:00:07.532189] Updated KOXR successfully.
[2023-08-13 07:00:07.380961] Updated KTPA successfully.
[2023-08-13 07:00:07.381060] Updated KVDF successfully.
[2023-08-13 07:00:07.381080] Updated PHTO successfully.
[2023-08-13 07:00:07.381092] Updated KOXR successfully.
[2023-08-14 07:00:23.702716] Updated KTPA successfully.
[2023-08-14 07:00:23.702811] Updated KVDF successfully.
[2023-08-14 07:00:23.702829] Updated PHTO successfully.
[2023-08-14 07:00:23.702842] Updated KOXR successfully.
[2023-08-15 07:00:09.180206] Updated KTPA successfully.
[2023-08-15 07:00:09.180301] Updated KVDF successfully.
[2023-08-15 07:00:09.180320] Updated PHTO successfully.
[2023-08-15 07:00:09.180333] Updated KOXR successfully.
[2023-08-16 07:00:07.458256] Updated KTPA successfully.
[2023-08-16 07:00:07.458440] Updated KVDF successfully.
[2023-08-16 07:00:07.458460] Updated PHTO successfully.
[2023-08-16 07:00:07.458473] Updated KOXR successfully.
[2023-08-17 07:00:09.007588] Updated KTPA successfully.
[2023-08-17 07:00:09.007694] Updated KVDF successfully.
[2023-08-17 07:00:09.007715] Updated PHTO successfully.
[2023-08-17 07:00:09.007729] Updated KOXR successfully.
[2023-08-18 07:00:08.954667] Updated KTPA successfully.
[2023-08-18 07:00:08.954761] Updated KVDF successfully.
[2023-08-18 07:00:08.954779] Updated PHTO successfully.
[2023-08-18 07:00:08.954792] Updated KOXR successfully.
[2023-08-19 07:00:07.685935] Updated KTPA successfully.
[2023-08-19 07:00:07.686031] Updated KVDF successfully.
[2023-08-19 07:00:07.686050] Updated PHTO successfully.
[2023-08-19 07:00:07.686064] Updated KOXR successfully.
[2023-08-20 07:00:06.831316] Updated KTPA successfully.
[2023-08-20 07:00:06.831410] Updated KVDF successfully.
[2023-08-20 07:00:06.831430] Updated PHTO successfully.
[2023-08-20 07:00:06.831442] Updated KOXR successfully.
[2023-08-21 07:00:11.129821] Updated KTPA successfully.
[2023-08-21 07:00:11.129996] Updated KVDF successfully.
[2023-08-21 07:00:11.130024] Updated PHTO successfully.
[2023-08-21 07:00:11.130039] Updated KOXR successfully.
[2023-08-22 07:00:08.736092] Updated KTPA successfully.
[2023-08-22 07:00:08.736192] Updated KVDF successfully.
[2023-08-22 07:00:08.736211] Updated PHTO successfully.
[2023-08-22 07:00:08.736223] Updated KOXR successfully.
[2023-08-23 07:00:08.195623] Updated KTPA successfully.
[2023-08-23 07:00:08.195719] Updated KVDF successfully.
[2023-08-23 07:00:08.195738] Updated PHTO successfully.
[2023-08-23 07:00:08.195752] Updated KOXR successfully.
[2023-08-24 07:00:05.823634] Updated KTPA successfully.
[2023-08-24 07:00:05.823731] Updated KVDF successfully.
[2023-08-24 07:00:05.823752] Updated PHTO successfully.
[2023-08-24 07:00:05.823767] Updated KOXR successfully.
[2023-08-25 07:00:09.046944] Updated KTPA successfully.
[2023-08-25 07:00:09.047039] Updated KVDF successfully.
[2023-08-25 07:00:09.047058] Updated PHTO successfully.
[2023-08-25 07:00:09.047071] Updated KOXR successfully.
[2023-08-26 07:00:06.241181] Updated KTPA successfully.
[2023-08-26 07:00:06.241279] Updated KVDF successfully.
[2023-08-26 07:00:06.241298] Updated PHTO successfully.
[2023-08-26 07:00:06.241311] Updated KOXR successfully.
[2023-08-27 07:00:05.161801] Updated KTPA successfully.
[2023-08-27 07:00:05.161896] Updated KVDF successfully.
[2023-08-27 07:00:05.161915] Updated PHTO successfully.
[2023-08-27 07:00:05.161928] Updated KOXR successfully.
[2023-08-28 07:00:05.988907] Updated KTPA successfully.
[2023-08-28 07:00:05.989031] Updated KVDF successfully.
[2023-08-28 07:00:05.989051] Updated PHTO successfully.
[2023-08-28 07:00:05.989064] Updated KOXR successfully.
[2023-08-29 07:00:08.876459] Updated KTPA successfully.
[2023-08-29 07:00:08.876552] Updated KVDF successfully.
[2023-08-29 07:00:08.876571] Updated PHTO successfully.
[2023-08-29 07:00:08.876585] Updated KOXR successfully.
[2023-08-30 07:00:09.690089] Updated KTPA successfully.
[2023-08-30 07:00:09.690187] Updated KVDF successfully.
[2023-08-30 07:00:09.690206] Updated PHTO successfully.
[2023-08-30 07:00:09.690219] Updated KOXR successfully.
[2023-08-31 07:00:09.903351] Updated KTPA successfully.
[2023-08-31 07:00:09.903449] Updated KVDF successfully.
[2023-08-31 07:00:09.903468] Updated PHTO successfully.
[2023-08-31 07:00:09.903482] Updated KOXR successfully.
[2023-09-01 07:00:09.520177] Updated KTPA successfully.
[2023-09-01 07:00:09.520287] Updated KVDF successfully.
[2023-09-01 07:00:09.520308] Updated PHTO successfully.
[2023-09-01 07:00:09.520322] Updated KOXR successfully.
[2023-09-02 07:00:06.061197] Updated KTPA successfully.
[2023-09-02 07:00:06.061297] Updated KVDF successfully.
[2023-09-02 07:00:06.061316] Updated PHTO successfully.
[2023-09-02 07:00:06.061330] Updated KOXR successfully.
[2023-09-03 07:00:06.338667] Updated KTPA successfully.
[2023-09-03 07:00:06.338767] Updated KVDF successfully.
[2023-09-03 07:00:06.338787] Updated PHTO successfully.
[2023-09-03 07:00:06.338800] Updated KOXR successfully.
[2023-09-04 07:00:07.121215] Updated KTPA successfully.
[2023-09-04 07:00:07.121308] Updated KVDF successfully.
[2023-09-04 07:00:07.121326] Updated PHTO successfully.
[2023-09-04 07:00:07.121339] Updated KOXR successfully.
[2023-09-05 07:00:05.984595] Updated KTPA successfully.
[2023-09-05 07:00:05.984702] Updated KVDF successfully.
[2023-09-05 07:00:05.984722] Updated PHTO successfully.
[2023-09-05 07:00:05.984735] Updated KOXR successfully.
[2023-09-06 07:00:06.858355] Updated KTPA successfully.
[2023-09-06 07:00:06.858452] Updated KVDF successfully.
[2023-09-06 07:00:06.858472] Updated PHTO successfully.
[2023-09-06 07:00:06.858485] Updated KOXR successfully.
[2023-09-07 07:00:05.779237] Updated KTPA successfully.
[2023-09-07 07:00:05.779336] Updated KVDF successfully.
[2023-09-07 07:00:05.779357] Updated PHTO successfully.
[2023-09-07 07:00:05.779371] Updated KOXR successfully.
[2023-09-08 07:00:08.428266] Updated KTPA successfully.
[2023-09-08 07:00:08.428372] Updated KVDF successfully.
[2023-09-08 07:00:08.428391] Updated PHTO successfully.
[2023-09-08 07:00:08.428405] Updated KOXR successfully.
[2023-09-09 07:00:08.949601] Updated KTPA successfully.
[2023-09-09 07:00:08.949709] Updated KVDF successfully.
[2023-09-09 07:00:08.949728] Updated PHTO successfully.
[2023-09-09 07:00:08.949741] Updated KOXR successfully.
[2023-09-10 07:00:07.096759] Updated KTPA successfully.
[2023-09-10 07:00:07.096851] Updated KVDF successfully.
[2023-09-10 07:00:07.096871] Updated PHTO successfully.
[2023-09-10 07:00:07.096883] Updated KOXR successfully.
[2023-09-11 07:00:08.692900] Updated KTPA successfully.
[2023-09-11 07:00:08.693027] Updated KVDF successfully.
[2023-09-11 07:00:08.693047] Updated PHTO successfully.
[2023-09-11 07:00:08.693061] Updated KOXR successfully.
[2023-09-12 07:00:07.077238] Updated KTPA successfully.
[2023-09-12 07:00:07.077335] Updated KVDF successfully.
[2023-09-12 07:00:07.077355] Updated PHTO successfully.
[2023-09-12 07:00:07.077376] Updated KOXR successfully.
[2023-09-13 07:00:09.945097] Updated KTPA successfully.
[2023-09-13 07:00:09.945205] Updated KVDF successfully.
[2023-09-13 07:00:09.945225] Updated PHTO successfully.
[2023-09-13 07:00:09.945239] Updated KOXR successfully.
[2023-09-14 07:00:10.256622] Updated KTPA successfully.
[2023-09-14 07:00:10.256717] Updated KVDF successfully.
[2023-09-14 07:00:10.256736] Updated PHTO successfully.
[2023-09-14 07:00:10.256749] Updated KOXR successfully.
[2023-09-15 07:00:08.397150] Updated KTPA successfully.
[2023-09-15 07:00:08.397246] Updated KVDF successfully.
[2023-09-15 07:00:08.397263] Updated PHTO successfully.
[2023-09-15 07:00:08.397276] Updated KOXR successfully.
[2023-09-16 07:00:07.272804] Updated KTPA successfully.
[2023-09-16 07:00:07.272908] Updated KVDF successfully.
[2023-09-16 07:00:07.273078] Updated PHTO successfully.
[2023-09-16 07:00:07.273098] Updated KOXR successfully.
[2023-09-17 07:00:07.989186] Updated KTPA successfully.
[2023-09-17 07:00:07.989278] Updated KVDF successfully.
[2023-09-17 07:00:07.989298] Updated PHTO successfully.
[2023-09-17 07:00:07.989311] Updated KOXR successfully.
[2023-09-18 07:00:09.738954] Updated KTPA successfully.
[2023-09-18 07:00:09.739050] Updated KVDF successfully.
[2023-09-18 07:00:09.739069] Updated PHTO successfully.
[2023-09-18 07:00:09.739081] Updated KOXR successfully.
[2023-09-19 07:00:08.503825] Updated KTPA successfully.
[2023-09-19 07:00:08.503920] Updated KVDF successfully.
[2023-09-19 07:00:08.503939] Updated PHTO successfully.
[2023-09-19 07:00:08.503951] Updated KOXR successfully.
[2023-09-20 07:00:07.172782] Updated KTPA successfully.
[2023-09-20 07:00:07.172885] Updated KVDF successfully.
[2023-09-20 07:00:07.172904] Updated PHTO successfully.
[2023-09-20 07:00:07.172987] Updated KOXR successfully.
[2023-09-21 07:00:05.167775] Updated KTPA successfully.
[2023-09-21 07:00:05.167874] Updated KVDF successfully.
[2023-09-21 07:00:05.167892] Updated PHTO successfully.
[2023-09-21 07:00:05.167905] Updated KOXR successfully.
[2023-09-22 07:00:07.696878] Updated KTPA successfully.
[2023-09-22 07:00:07.697014] Updated KVDF successfully.
[2023-09-22 07:00:07.697034] Updated PHTO successfully.
[2023-09-22 07:00:07.697047] Updated KOXR successfully.
[2023-09-23 07:00:08.800024] Updated KTPA successfully.
[2023-09-23 07:00:08.800135] Updated KVDF successfully.
[2023-09-23 07:00:08.800157] Updated PHTO successfully.
[2023-09-23 07:00:08.800171] Updated KOXR successfully.
[2023-09-24 07:00:05.486657] Updated KTPA successfully.
[2023-09-24 07:00:05.486757] Updated KVDF successfully.
[2023-09-24 07:00:05.486777] Updated PHTO successfully.
[2023-09-24 07:00:05.486790] Updated KOXR successfully.
[2023-09-25 07:00:08.835579] Updated KTPA successfully.
[2023-09-25 07:00:08.835676] Updated KVDF successfully.
[2023-09-25 07:00:08.835695] Updated PHTO successfully.
[2023-09-25 07:00:08.835708] Updated KOXR successfully.
[2023-09-26 07:00:07.536998] Updated KTPA successfully.
[2023-09-26 07:00:07.537097] Updated KVDF successfully.
[2023-09-26 07:00:07.537117] Updated PHTO successfully.
[2023-09-26 07:00:07.537130] Updated KOXR successfully.
[2023-09-27 07:00:06.226555] Updated KTPA successfully.
[2023-09-27 07:00:06.226653] Updated KVDF successfully.
[2023-09-27 07:00:06.226671] Updated PHTO successfully.
[2023-09-27 07:00:06.226684] Updated KOXR successfully.
[2023-09-28 07:00:06.007050] Updated KTPA successfully.
[2023-09-28 07:00:06.007149] Updated KVDF successfully.
[2023-09-28 07:00:06.007169] Updated PHTO successfully.
[2023-09-28 07:00:06.007183] Updated KOXR successfully.
[2023-09-29 07:00:05.879044] Updated KTPA successfully.
[2023-09-29 07:00:05.879139] Updated KVDF successfully.
[2023-09-29 07:00:05.879158] Updated PHTO successfully.
[2023-09-29 07:00:05.879172] Updated KOXR successfully.
[2023-09-30 07:00:06.689582] Updated KTPA successfully.
[2023-09-30 07:00:06.689681] Updated KVDF successfully.
[2023-09-30 07:00:06.689701] Updated PHTO successfully.
[2023-09-30 07:00:06.689714] Updated KOXR successfully.
[2023-10-01 07:00:07.839609] Updated KTPA successfully.
[2023-10-01 07:00:07.839704] Updated KVDF successfully.
[2023-10-01 07:00:07.839722] Updated PHTO successfully.
[2023-10-01 07:00:07.839734] Updated KOXR successfully.
[2023-10-02 07:00:06.534264] Updated KTPA successfully.
[2023-10-02 07:00:06.534361] Updated KVDF successfully.
[2023-10-02 07:00:06.534380] Updated PHTO successfully.
[2023-10-02 07:00:06.534393] Updated KOXR successfully.
[2023-10-03 07:00:08.183318] Updated KTPA successfully.
[2023-10-03 07:00:08.183413] Updated KVDF successfully.
[2023-10-03 07:00:08.183431] Updated PHTO successfully.
[2023-10-03 07:00:08.183444] Updated KOXR successfully.
[2023-10-04 07:00:09.642835] Updated KTPA successfully.
[2023-10-04 07:00:09.642932] Updated KVDF successfully.
[2023-10-04 07:00:09.642955] Updated PHTO successfully.
[2023-10-04 07:00:09.642969] Updated KOXR successfully.
[2023-10-05 07:00:07.635035] Updated KTPA successfully.
[2023-10-05 07:00:07.635129] Updated KVDF successfully.
[2023-10-05 07:00:07.635148] Updated PHTO successfully.
[2023-10-05 07:00:07.635161] Updated KOXR successfully.
[2023-10-06 07:00:06.811123] Updated KTPA successfully.
[2023-10-06 07:00:06.811234] Updated KVDF successfully.
[2023-10-06 07:00:06.811255] Updated PHTO successfully.
[2023-10-06 07:00:06.811269] Updated KOXR successfully.
[2023-10-07 07:00:06.335408] Updated KTPA successfully.
[2023-10-07 07:00:06.335521] Updated KVDF successfully.
[2023-10-07 07:00:06.335541] Updated PHTO successfully.
[2023-10-07 07:00:06.335554] Updated KOXR successfully.
[2023-10-08 07:00:05.971611] Updated KTPA successfully.
[2023-10-08 07:00:05.971728] Updated KVDF successfully.
[2023-10-08 07:00:05.971748] Updated PHTO successfully.
[2023-10-08 07:00:05.971762] Updated KOXR successfully.
[2023-10-09 07:00:06.934152] Updated KTPA successfully.
[2023-10-09 07:00:06.934265] Updated KVDF successfully.
[2023-10-09 07:00:06.934284] Updated PHTO successfully.
[2023-10-09 07:00:06.934298] Updated KOXR successfully.
[2023-10-10 07:00:10.979090] Updated KTPA successfully.
[2023-10-10 07:00:10.979209] Updated KVDF successfully.
[2023-10-10 07:00:10.979229] Updated PHTO successfully.
[2023-10-10 07:00:10.979243] Updated KOXR successfully.
[2023-10-11 07:00:08.843332] Updated KTPA successfully.
[2023-10-11 07:00:08.843446] Updated KVDF successfully.
[2023-10-11 07:00:08.843467] Updated PHTO successfully.
[2023-10-11 07:00:08.843480] Updated KOXR successfully.
[2023-10-12 07:00:07.831428] Updated KTPA successfully.
[2023-10-12 07:00:07.831544] Updated KVDF successfully.
[2023-10-12 07:00:07.831563] Updated PHTO successfully.
[2023-10-12 07:00:07.831577] Updated KOXR successfully.
[2023-10-13 07:00:08.068378] Updated KTPA successfully.
[2023-10-13 07:00:08.068494] Updated KVDF successfully.
[2023-10-13 07:00:08.068515] Updated PHTO successfully.
[2023-10-13 07:00:08.068528] Updated KOXR successfully.
[2023-10-14 07:00:11.610329] Updated KTPA successfully.
[2023-10-14 07:00:11.610442] Updated KVDF successfully.
[2023-10-14 07:00:11.610463] Updated PHTO successfully.
[2023-10-14 07:00:11.610476] Updated KOXR successfully.
[2023-10-15 07:00:04.667608] Updated KTPA successfully.
[2023-10-15 07:00:04.667723] Updated KVDF successfully.
[2023-10-15 07:00:04.667744] Updated PHTO successfully.
[2023-10-15 07:00:04.667757] Updated KOXR successfully.
[2023-10-16 07:00:06.760448] Updated KTPA successfully.
[2023-10-16 07:00:06.760569] Updated KVDF successfully.
[2023-10-16 07:00:06.760589] Updated PHTO successfully.
[2023-10-16 07:00:06.760603] Updated KOXR successfully.
[2023-10-17 07:00:08.250985] Updated KTPA successfully.
[2023-10-17 07:00:08.251097] Updated KVDF successfully.
[2023-10-17 07:00:08.251117] Updated PHTO successfully.
[2023-10-17 07:00:08.251131] Updated KOXR successfully.
[2023-10-18 07:00:06.753880] Updated KTPA successfully.
[2023-10-18 07:00:06.753998] Updated KVDF successfully.
[2023-10-18 07:00:06.754018] Updated PHTO successfully.
[2023-10-18 07:00:06.754032] Updated KOXR successfully.
[2023-10-19 07:00:06.979499] Updated KTPA successfully.
[2023-10-19 07:00:06.979611] Updated KVDF successfully.
[2023-10-19 07:00:06.979630] Updated PHTO successfully.
[2023-10-19 07:00:06.979643] Updated KOXR successfully.
[2023-10-20 07:00:06.593359] Updated KTPA successfully.
[2023-10-20 07:00:06.593481] Updated KVDF successfully.
[2023-10-20 07:00:06.593501] Updated PHTO successfully.
[2023-10-20 07:00:06.593515] Updated KOXR successfully.
[2023-10-21 07:00:06.591821] Updated KTPA successfully.
[2023-10-21 07:00:06.591944] Updated KVDF successfully.
[2023-10-21 07:00:06.591964] Updated PHTO successfully.
[2023-10-21 07:00:06.591977] Updated KOXR successfully.
[2023-10-22 07:00:04.579997] Updated KTPA successfully.
[2023-10-22 07:00:04.580111] Updated KVDF successfully.
[2023-10-22 07:00:04.580132] Updated PHTO successfully.
[2023-10-22 07:00:04.580146] Updated KOXR successfully.
[2023-10-23 07:00:06.761732] Updated KTPA successfully.
[2023-10-23 07:00:06.761858] Updated KVDF successfully.
[2023-10-23 07:00:06.761878] Updated PHTO successfully.
[2023-10-23 07:00:06.761892] Updated KOXR successfully.
[2023-10-24 07:00:08.062039] Updated KTPA successfully.
[2023-10-24 07:00:08.062175] Updated KVDF successfully.
[2023-10-24 07:00:08.062196] Updated PHTO successfully.
[2023-10-24 07:00:08.062210] Updated KOXR successfully.
[2023-10-25 07:00:07.452885] Updated KTPA successfully.
[2023-10-25 07:00:07.453036] Updated KVDF successfully.
[2023-10-25 07:00:07.453057] Updated PHTO successfully.
[2023-10-25 07:00:07.453071] Updated KOXR successfully.
[2023-10-26 07:00:05.769727] Updated KTPA successfully.
[2023-10-26 07:00:05.769850] Updated KVDF successfully.
[2023-10-26 07:00:05.769872] Updated PHTO successfully.
[2023-10-26 07:00:05.769885] Updated KOXR successfully.
[2023-10-27 07:00:08.833259] Updated KTPA successfully.
[2023-10-27 07:00:08.833373] Updated KVDF successfully.
[2023-10-27 07:00:08.833400] Updated PHTO successfully.
[2023-10-27 07:00:08.833414] Updated KOXR successfully.
[2023-10-28 07:00:08.296278] Updated KTPA successfully.
[2023-10-28 07:00:08.296401] Updated KVDF successfully.
[2023-10-28 07:00:08.296422] Updated PHTO successfully.
[2023-10-28 07:00:08.296436] Updated KOXR successfully.
[2023-10-29 07:00:05.831195] Updated KTPA successfully.
[2023-10-29 07:00:05.831308] Updated KVDF successfully.
[2023-10-29 07:00:05.831327] Updated PHTO successfully.
[2023-10-29 07:00:05.831341] Updated KOXR successfully.
[2023-10-30 07:00:08.548604] Updated KTPA successfully.
[2023-10-30 07:00:08.548731] Updated KVDF successfully.
[2023-10-30 07:00:08.548750] Updated PHTO successfully.
[2023-10-30 07:00:08.548764] Updated KOXR successfully.
[2023-10-31 07:00:10.235835] Updated KTPA successfully.
[2023-10-31 07:00:10.235954] Updated KVDF successfully.
[2023-10-31 07:00:10.235974] Updated PHTO successfully.
[2023-10-31 07:00:10.235988] Updated KOXR successfully.
[2023-11-01 07:00:07.822989] Updated KTPA successfully.
[2023-11-01 07:00:07.823107] Updated KVDF successfully.
[2023-11-01 07:00:07.823128] Updated PHTO successfully.
[2023-11-01 07:00:07.823143] Updated KOXR successfully.
[2023-11-02 07:00:09.041330] Updated KTPA successfully.
[2023-11-02 07:00:09.041445] Updated KVDF successfully.
[2023-11-02 07:00:09.041465] Updated PHTO successfully.
[2023-11-02 07:00:09.041478] Updated KOXR successfully.
[2023-11-03 07:00:06.792489] Updated KTPA successfully.
[2023-11-03 07:00:06.792610] Updated KVDF successfully.
[2023-11-03 07:00:06.792629] Updated PHTO successfully.
[2023-11-03 07:00:06.792643] Updated KOXR successfully.
[2023-11-04 07:00:06.949319] Updated KTPA successfully.
[2023-11-04 07:00:06.949436] Updated KVDF successfully.
[2023-11-04 07:00:06.949457] Updated PHTO successfully.
[2023-11-04 07:00:06.949472] Updated KOXR successfully.
[2023-11-05 07:00:07.210895] Updated KTPA successfully.
[2023-11-05 07:00:07.211017] Updated KVDF successfully.
[2023-11-05 07:00:07.211038] Updated PHTO successfully.
[2023-11-05 07:00:07.211053] Updated KOXR successfully.
[2023-11-06 07:00:08.009410] Updated KTPA successfully.
[2023-11-06 07:00:08.009534] Updated KVDF successfully.
[2023-11-06 07:00:08.009553] Updated PHTO successfully.
[2023-11-06 07:00:08.009566] Updated KOXR successfully.
[2023-11-07 07:00:08.014669] Updated KTPA successfully.
[2023-11-07 07:00:08.014793] Updated KVDF successfully.
[2023-11-07 07:00:08.014816] Updated PHTO successfully.
[2023-11-07 07:00:08.014830] Updated KOXR successfully.
[2023-11-08 07:00:10.904212] Updated KTPA successfully.
[2023-11-08 07:00:10.904328] Updated KVDF successfully.
[2023-11-08 07:00:10.904349] Updated PHTO successfully.
[2023-11-08 07:00:10.904363] Updated KOXR successfully.
[2023-11-09 07:00:09.042227] Updated KTPA successfully.
[2023-11-09 07:00:09.042350] Updated KVDF successfully.
[2023-11-09 07:00:09.042371] Updated PHTO successfully.
[2023-11-09 07:00:09.042385] Updated KOXR successfully.
[2023-11-10 07:00:08.185997] Updated KTPA successfully.
[2023-11-10 07:00:08.186113] Updated KVDF successfully.
[2023-11-10 07:00:08.186139] Updated PHTO successfully.
[2023-11-10 07:00:08.186152] Updated KOXR successfully.
[2023-11-11 07:00:08.008031] Updated KTPA successfully.
[2023-11-11 07:00:08.008154] Updated KVDF successfully.
[2023-11-11 07:00:08.008173] Updated PHTO successfully.
[2023-11-11 07:00:08.008187] Updated KOXR successfully.
[2023-11-12 07:00:07.119048] Updated KTPA successfully.
[2023-11-12 07:00:07.119171] Updated KVDF successfully.
[2023-11-12 07:00:07.119192] Updated PHTO successfully.
[2023-11-12 07:00:07.119206] Updated KOXR successfully.
[2023-11-13 07:00:10.178761] Updated KTPA successfully.
[2023-11-13 07:00:10.178878] Updated KVDF successfully.
[2023-11-13 07:00:10.178901] Updated PHTO successfully.
[2023-11-13 07:00:10.178915] Updated KOXR successfully.
[2023-11-14 07:00:09.500469] Updated KTPA successfully.
[2023-11-14 07:00:09.500585] Updated KVDF successfully.
[2023-11-14 07:00:09.500605] Updated PHTO successfully.
[2023-11-14 07:00:09.500619] Updated KOXR successfully.
[2023-11-15 07:00:09.395301] Updated KTPA successfully.
[2023-11-15 07:00:09.395419] Updated KVDF successfully.
[2023-11-15 07:00:09.395439] Updated PHTO successfully.
[2023-11-15 07:00:09.395453] Updated KOXR successfully.
[2023-11-16 07:00:08.166088] Updated KTPA successfully.
[2023-11-16 07:00:08.166208] Updated KVDF successfully.
[2023-11-16 07:00:08.166229] Updated PHTO successfully.
[2023-11-16 07:00:08.166243] Updated KOXR successfully.
[2023-11-17 07:00:09.157860] Updated KTPA successfully.
[2023-11-17 07:00:09.157975] Updated KVDF successfully.
[2023-11-17 07:00:09.157996] Updated PHTO successfully.
[2023-11-17 07:00:09.158010] Updated KOXR successfully.
[2023-11-18 07:00:07.503313] Updated KTPA successfully.
[2023-11-18 07:00:07.503442] Updated KVDF successfully.
[2023-11-18 07:00:07.503463] Updated PHTO successfully.
[2023-11-18 07:00:07.503477] Updated KOXR successfully.
[2023-11-19 07:00:07.335588] Updated KTPA successfully.
[2023-11-19 07:00:07.335721] Updated KVDF successfully.
[2023-11-19 07:00:07.335741] Updated PHTO successfully.
[2023-11-19 07:00:07.335755] Updated KOXR successfully.
[2023-11-20 07:00:10.048628] Updated KTPA successfully.
[2023-11-20 07:00:10.048745] Updated KVDF successfully.
[2023-11-20 07:00:10.048765] Updated PHTO successfully.
[2023-11-20 07:00:10.048779] Updated KOXR successfully.
[2023-11-21 07:00:09.485636] Updated KTPA successfully.
[2023-11-21 07:00:09.485774] Updated KVDF successfully.
[2023-11-21 07:00:09.485795] Updated PHTO successfully.
[2023-11-21 07:00:09.485809] Updated KOXR successfully.
[2023-11-22 07:00:10.500600] Updated KTPA successfully.
[2023-11-22 07:00:10.500715] Updated KVDF successfully.
[2023-11-22 07:00:10.500734] Updated PHTO successfully.
[2023-11-22 07:00:10.500747] Updated KOXR successfully.
[2023-11-23 07:00:08.109993] Updated KTPA successfully.
[2023-11-23 07:00:08.110193] Updated KVDF successfully.
[2023-11-23 07:00:08.110217] Updated PHTO successfully.
[2023-11-23 07:00:08.110230] Updated KOXR successfully.
[2023-11-24 07:00:10.438143] Updated KTPA successfully.
[2023-11-24 07:00:10.438257] Updated KVDF successfully.
[2023-11-24 07:00:10.438277] Updated PHTO successfully.
[2023-11-24 07:00:10.438290] Updated KOXR successfully.
[2023-11-25 07:00:08.799876] Updated KTPA successfully.
[2023-11-25 07:00:08.799992] Updated KVDF successfully.
[2023-11-25 07:00:08.800012] Updated PHTO successfully.
[2023-11-25 07:00:08.800026] Updated KOXR successfully.
[2023-11-26 07:00:08.460717] Updated KTPA successfully.
[2023-11-26 07:00:08.460830] Updated KVDF successfully.
[2023-11-26 07:00:08.460849] Updated PHTO successfully.
[2023-11-26 07:00:08.460861] Updated KOXR successfully.
[2023-11-27 07:00:08.595802] Updated KTPA successfully.
[2023-11-27 07:00:08.595918] Updated KVDF successfully.
[2023-11-27 07:00:08.595937] Updated PHTO successfully.
[2023-11-27 07:00:08.595951] Updated KOXR successfully.
[2023-11-28 07:00:09.601528] Updated KTPA successfully.
[2023-11-28 07:00:09.601652] Updated KVDF successfully.
[2023-11-28 07:00:09.601671] Updated PHTO successfully.
[2023-11-28 07:00:09.601684] Updated KOXR successfully.
[2023-11-29 07:00:10.942628] Updated KTPA successfully.
[2023-11-29 07:00:10.942737] Updated KVDF successfully.
[2023-11-29 07:00:10.942769] Updated PHTO successfully.
[2023-11-29 07:00:10.942782] Updated KOXR successfully.
[2023-11-30 07:00:10.936500] Updated KTPA successfully.
[2023-11-30 07:00:10.936619] Updated KVDF successfully.
[2023-11-30 07:00:10.936640] Updated PHTO successfully.
[2023-11-30 07:00:10.936660] Updated KOXR successfully.
[2023-12-01 07:00:11.180910] Updated KTPA successfully.
[2023-12-01 07:00:11.181062] Updated KVDF successfully.
[2023-12-01 07:00:11.181085] Updated PHTO successfully.
[2023-12-01 07:00:11.181100] Updated KOXR successfully.
[2023-12-02 07:00:07.954895] Updated KTPA successfully.
[2023-12-02 07:00:07.955011] Updated KVDF successfully.
[2023-12-02 07:00:07.955030] Updated PHTO successfully.
[2023-12-02 07:00:07.955045] Updated KOXR successfully.
[2023-12-03 07:00:07.897684] Updated KTPA successfully.
[2023-12-03 07:00:07.897806] Updated KVDF successfully.
[2023-12-03 07:00:07.897827] Updated PHTO successfully.
[2023-12-03 07:00:07.897842] Updated KOXR successfully.
[2023-12-04 07:00:07.968784] Updated KTPA successfully.
[2023-12-04 07:00:07.968900] Updated KVDF successfully.
[2023-12-04 07:00:07.969034] Updated PHTO successfully.
[2023-12-04 07:00:07.969056] Updated KOXR successfully.
[2023-12-05 07:00:07.237388] Updated KTPA successfully.
[2023-12-05 07:00:07.237502] Updated KVDF successfully.
[2023-12-05 07:00:07.237524] Updated PHTO successfully.
[2023-12-05 07:00:07.237539] Updated KOXR successfully.
[2023-12-06 07:00:07.693943] Updated KTPA successfully.
[2023-12-06 07:00:07.694072] Updated KVDF successfully.
[2023-12-06 07:00:07.694092] Updated PHTO successfully.
[2023-12-06 07:00:07.694107] Updated KOXR successfully.
[2023-12-07 07:00:08.151047] Updated KTPA successfully.
[2023-12-07 07:00:08.151161] Updated KVDF successfully.
[2023-12-07 07:00:08.151182] Updated PHTO successfully.
[2023-12-07 07:00:08.151196] Updated KOXR successfully.
[2023-12-08 07:00:08.227278] Updated KTPA successfully.
[2023-12-08 07:00:08.227394] Updated KVDF successfully.
[2023-12-08 07:00:08.227414] Updated PHTO successfully.
[2023-12-08 07:00:08.227428] Updated KOXR successfully.
[2023-12-09 07:00:06.004993] Updated KTPA successfully.
[2023-12-09 07:00:06.005115] Updated KVDF successfully.
[2023-12-09 07:00:06.005137] Updated PHTO successfully.
[2023-12-09 07:00:06.005151] Updated KOXR successfully.
[2023-12-10 07:00:06.978408] Updated KTPA successfully.
[2023-12-10 07:00:06.978524] Updated KVDF successfully.
[2023-12-10 07:00:06.978546] Updated PHTO successfully.
[2023-12-10 07:00:06.978560] Updated KOXR successfully.
[2023-12-11 07:00:09.188807] Updated KTPA successfully.
[2023-12-11 07:00:09.189018] Updated KVDF successfully.
[2023-12-11 07:00:09.189050] Updated PHTO successfully.
[2023-12-11 07:00:09.189065] Updated KOXR successfully.
[2023-12-12 07:00:05.385878] Updated KTPA successfully.
[2023-12-12 07:00:05.385996] Updated KVDF successfully.
[2023-12-12 07:00:05.386017] Updated PHTO successfully.
[2023-12-12 07:00:05.386031] Updated KOXR successfully.
[2023-12-13 07:00:07.309166] Updated KTPA successfully.
[2023-12-13 07:00:07.309281] Updated KVDF successfully.
[2023-12-13 07:00:07.309301] Updated PHTO successfully.
[2023-12-13 07:00:07.309315] Updated KOXR successfully.
[2023-12-14 07:00:09.418399] Updated KTPA successfully.
[2023-12-14 07:00:09.418523] Updated KVDF successfully.
[2023-12-14 07:00:09.418545] Updated PHTO successfully.
[2023-12-14 07:00:09.418559] Updated KOXR successfully.
[2023-12-15 07:00:06.601531] Updated KTPA successfully.
[2023-12-15 07:00:06.601630] Updated KVDF successfully.
[2023-12-15 07:00:06.601650] Updated PHTO successfully.
[2023-12-15 07:00:06.601664] Updated KOXR successfully.
[2023-12-16 07:00:05.437095] Updated KTPA successfully.
[2023-12-16 07:00:05.437191] Updated KVDF successfully.
[2023-12-16 07:00:05.437211] Updated PHTO successfully.
[2023-12-16 07:00:05.437315] Updated KOXR successfully.
[2023-12-17 07:00:05.367915] Updated KTPA successfully.
[2023-12-17 07:00:05.368038] Updated KVDF successfully.
[2023-12-17 07:00:05.368057] Updated PHTO successfully.
[2023-12-17 07:00:05.368070] Updated KOXR successfully.
[2023-12-18 07:00:07.267504] Updated KTPA successfully.
[2023-12-18 07:00:07.267611] Updated KVDF successfully.
[2023-12-18 07:00:07.267630] Updated PHTO successfully.
[2023-12-18 07:00:07.267643] Updated KOXR successfully.
[2023-12-19 07:00:08.828883] Updated KTPA successfully.
[2023-12-19 07:00:08.828980] Updated KVDF successfully.
[2023-12-19 07:00:08.829000] Updated PHTO successfully.
[2023-12-19 07:00:08.829013] Updated KOXR successfully.
[2023-12-20 07:00:09.854736] Updated KTPA successfully.
[2023-12-20 07:00:09.854832] Updated KVDF successfully.
[2023-12-20 07:00:09.854852] Updated PHTO successfully.
[2023-12-20 07:00:09.854866] Updated KOXR successfully.
[2023-12-21 07:00:07.043310] Updated KTPA successfully.
[2023-12-21 07:00:07.043405] Updated KVDF successfully.
[2023-12-21 07:00:07.043424] Updated PHTO successfully.
[2023-12-21 07:00:07.043438] Updated KOXR successfully.
[2023-12-22 07:00:06.339945] Updated KTPA successfully.
[2023-12-22 07:00:06.340049] Updated KVDF successfully.
[2023-12-22 07:00:06.340070] Updated PHTO successfully.
[2023-12-22 07:00:06.340083] Updated KOXR successfully.
[2023-12-23 07:00:05.058606] Updated KTPA successfully.
[2023-12-23 07:00:05.058704] Updated KVDF successfully.
[2023-12-23 07:00:05.058724] Updated PHTO successfully.
[2023-12-23 07:00:05.058737] Updated KOXR successfully.
[2023-12-24 07:00:04.979751] Updated KTPA successfully.
[2023-12-24 07:00:04.979847] Updated KVDF successfully.
[2023-12-24 07:00:04.979867] Updated PHTO successfully.
[2023-12-24 07:00:04.979881] Updated KOXR successfully.
[2023-12-25 07:00:05.366616] Updated KTPA successfully.
[2023-12-25 07:00:05.366714] Updated KVDF successfully.
[2023-12-25 07:00:05.366733] Updated PHTO successfully.
[2023-12-25 07:00:05.366746] Updated KOXR successfully.
[2023-12-26 07:00:05.789955] Updated KTPA successfully.
[2023-12-26 07:00:05.790121] Updated KVDF successfully.
[2023-12-26 07:00:05.790143] Updated PHTO successfully.
[2023-12-26 07:00:05.790156] Updated KOXR successfully.
[2023-12-27 07:00:04.257708] Updated KTPA successfully.
[2023-12-27 07:00:04.257805] Updated KVDF successfully.
[2023-12-27 07:00:04.257825] Updated PHTO successfully.
[2023-12-27 07:00:04.257839] Updated KOXR successfully.
[2023-12-28 07:00:04.691267] Updated KTPA successfully.
[2023-12-28 07:00:04.691365] Updated KVDF successfully.
[2023-12-28 07:00:04.691385] Updated PHTO successfully.
[2023-12-28 07:00:04.691398] Updated KOXR successfully.
[2023-12-29 07:00:04.338064] Updated KTPA successfully.
[2023-12-29 07:00:04.338161] Updated KVDF successfully.
[2023-12-29 07:00:04.338180] Updated PHTO successfully.
[2023-12-29 07:00:04.338193] Updated KOXR successfully.
[2023-12-30 07:00:03.765424] Updated KTPA successfully.
[2023-12-30 07:00:03.765525] Updated KVDF successfully.
[2023-12-30 07:00:03.765545] Updated PHTO successfully.
[2023-12-30 07:00:03.765558] Updated KOXR successfully.
[2023-12-31 07:00:03.754258] Updated KTPA successfully.
[2023-12-31 07:00:03.754354] Updated KVDF successfully.
[2023-12-31 07:00:03.754373] Updated PHTO successfully.
[2023-12-31 07:00:03.754387] Updated KOXR successfully.
[2024-01-01 07:00:06.458756] Updated KTPA successfully.
[2024-01-01 07:00:06.458852] Updated KVDF successfully.
[2024-01-01 07:00:06.458872] Updated PHTO successfully.
[2024-01-01 07:00:06.458885] Updated KOXR successfully.
[2024-01-02 07:00:05.117055] Updated KTPA successfully.
[2024-01-02 07:00:05.117163] Updated KVDF successfully.
[2024-01-02 07:00:05.117182] Updated PHTO successfully.
[2024-01-02 07:00:05.117195] Updated KOXR successfully.
[2024-01-03 07:00:04.864396] Updated KTPA successfully.
[2024-01-03 07:00:04.864496] Updated KVDF successfully.
[2024-01-03 07:00:04.864516] Updated PHTO successfully.
[2024-01-03 07:00:04.864528] Updated KOXR successfully.
[2024-01-04 07:00:06.503381] Updated KTPA successfully.
[2024-01-04 07:00:06.503479] Updated KVDF successfully.
[2024-01-04 07:00:06.503498] Updated PHTO successfully.
[2024-01-04 07:00:06.503512] Updated KOXR successfully.
[2024-01-05 07:00:06.929403] Updated KTPA successfully.
[2024-01-05 07:00:06.929501] Updated KVDF successfully.
[2024-01-05 07:00:06.929520] Updated PHTO successfully.
[2024-01-05 07:00:06.929533] Updated KOXR successfully.
[2024-01-06 07:00:04.325481] Updated KTPA successfully.
[2024-01-06 07:00:04.325579] Updated KVDF successfully.
[2024-01-06 07:00:04.325599] Updated PHTO successfully.
[2024-01-06 07:00:04.325612] Updated KOXR successfully.
[2024-01-07 07:00:05.932819] Updated KTPA successfully.
[2024-01-07 07:00:05.932914] Updated KVDF successfully.
[2024-01-07 07:00:05.932934] Updated PHTO successfully.
[2024-01-07 07:00:05.932947] Updated KOXR successfully.
[2024-01-08 07:00:07.659751] Updated KTPA successfully.
[2024-01-08 07:00:07.659850] Updated KVDF successfully.
[2024-01-08 07:00:07.659869] Updated PHTO successfully.
[2024-01-08 07:00:07.659882] Updated KOXR successfully.
[2024-01-09 07:00:07.471654] Updated KTPA successfully.
[2024-01-09 07:00:07.471751] Updated KVDF successfully.
[2024-01-09 07:00:07.471770] Updated PHTO successfully.
[2024-01-09 07:00:07.471784] Updated KOXR successfully.
[2024-01-10 07:00:07.788071] Updated KTPA successfully.
[2024-01-10 07:00:07.788175] Updated KVDF successfully.
[2024-01-10 07:00:07.788195] Updated PHTO successfully.
[2024-01-10 07:00:07.788209] Updated KOXR successfully.
[2024-01-11 07:00:11.519516] Updated KTPA successfully.
[2024-01-11 07:00:11.519614] Updated KVDF successfully.
[2024-01-11 07:00:11.519635] Updated PHTO successfully.
[2024-01-11 07:00:11.519648] Updated KOXR successfully.
[2024-01-12 07:00:12.482211] Updated KTPA successfully.
[2024-01-12 07:00:12.482305] Updated KVDF successfully.
[2024-01-12 07:00:12.482324] Updated PHTO successfully.
[2024-01-12 07:00:12.482337] Updated KOXR successfully.
[2024-01-13 07:00:11.217294] Updated KTPA successfully.
[2024-01-13 07:00:11.217387] Updated KVDF successfully.
[2024-01-13 07:00:11.217407] Updated PHTO successfully.
[2024-01-13 07:00:11.217419] Updated KOXR successfully.
[2024-01-14 07:00:07.794180] Updated KTPA successfully.
[2024-01-14 07:00:07.794279] Updated KVDF successfully.
[2024-01-14 07:00:07.794300] Updated PHTO successfully.
[2024-01-14 07:00:07.794314] Updated KOXR successfully.
[2024-01-15 07:00:09.566997] Updated KTPA successfully.
[2024-01-15 07:00:09.567093] Updated KVDF successfully.
[2024-01-15 07:00:09.567113] Updated PHTO successfully.
[2024-01-15 07:00:09.567126] Updated KOXR successfully.
[2024-01-16 07:00:11.517964] Updated KTPA successfully.
[2024-01-16 07:00:11.518062] Updated KVDF successfully.
[2024-01-16 07:00:11.518082] Updated PHTO successfully.
[2024-01-16 07:00:11.518094] Updated KOXR successfully.
[2024-01-17 07:00:10.417370] Updated KTPA successfully.
[2024-01-17 07:00:10.417470] Updated KVDF successfully.
[2024-01-17 07:00:10.417490] Updated PHTO successfully.
[2024-01-17 07:00:10.417503] Updated KOXR successfully.
[2024-01-18 07:00:08.066899] Updated KTPA successfully.
[2024-01-18 07:00:08.067005] Updated KVDF successfully.
[2024-01-18 07:00:08.067030] Updated PHTO successfully.
[2024-01-18 07:00:08.067045] Updated KOXR successfully.
[2024-01-19 07:00:09.271969] Updated KTPA successfully.
[2024-01-19 07:00:09.272068] Updated KVDF successfully.
[2024-01-19 07:00:09.272087] Updated PHTO successfully.
[2024-01-19 07:00:09.272101] Updated KOXR successfully.
[2024-01-20 07:00:08.251261] Updated KTPA successfully.
[2024-01-20 07:00:08.251357] Updated KVDF successfully.
[2024-01-20 07:00:08.251376] Updated PHTO successfully.
[2024-01-20 07:00:08.251390] Updated KOXR successfully.
[2024-01-21 07:00:07.085035] Updated KTPA successfully.
[2024-01-21 07:00:07.085130] Updated KVDF successfully.
[2024-01-21 07:00:07.085150] Updated PHTO successfully.
[2024-01-21 07:00:07.085164] Updated KOXR successfully.
[2024-01-22 07:00:07.221125] Updated KTPA successfully.
[2024-01-22 07:00:07.221240] Updated KVDF successfully.
[2024-01-22 07:00:07.221260] Updated PHTO successfully.
[2024-01-22 07:00:07.221274] Updated KOXR successfully.
[2024-01-23 07:00:08.436719] Updated KTPA successfully.
[2024-01-23 07:00:08.436818] Updated KVDF successfully.
[2024-01-23 07:00:08.436838] Updated PHTO successfully.
[2024-01-23 07:00:08.436851] Updated KOXR successfully.
[2024-01-24 07:00:07.228725] Updated KTPA successfully.
[2024-01-24 07:00:07.228826] Updated KVDF successfully.
[2024-01-24 07:00:07.228847] Updated PHTO successfully.
[2024-01-24 07:00:07.228861] Updated KOXR successfully.
[2024-01-25 07:00:08.320914] Updated KTPA successfully.
[2024-01-25 07:00:08.321020] Updated KVDF successfully.
[2024-01-25 07:00:08.321040] Updated PHTO successfully.
[2024-01-25 07:00:08.321053] Updated KOXR successfully.
[2024-01-26 07:00:09.186702] Updated KTPA successfully.
[2024-01-26 07:00:09.186800] Updated KVDF successfully.
[2024-01-26 07:00:09.186820] Updated PHTO successfully.
[2024-01-26 07:00:09.186834] Updated KOXR successfully.
[2024-01-27 07:00:08.140616] Updated KTPA successfully.
[2024-01-27 07:00:08.140718] Updated KVDF successfully.
[2024-01-27 07:00:08.140738] Updated PHTO successfully.
[2024-01-27 07:00:08.140752] Updated KOXR successfully.
[2024-01-28 07:00:06.696025] Updated KTPA successfully.
[2024-01-28 07:00:06.696140] Updated KVDF successfully.
[2024-01-28 07:00:06.696159] Updated PHTO successfully.
[2024-01-28 07:00:06.696172] Updated KOXR successfully.
[2024-01-29 07:00:06.614550] Updated KTPA successfully.
[2024-01-29 07:00:06.614643] Updated KVDF successfully.
[2024-01-29 07:00:06.614662] Updated PHTO successfully.
[2024-01-29 07:00:06.614675] Updated KOXR successfully.
[2024-01-30 07:00:07.428787] Updated KTPA successfully.
[2024-01-30 07:00:07.428881] Updated KVDF successfully.
[2024-01-30 07:00:07.428900] Updated PHTO successfully.
[2024-01-30 07:00:07.428913] Updated KOXR successfully.
[2024-01-31 07:00:06.966391] Updated KTPA successfully.
[2024-01-31 07:00:06.966488] Updated KVDF successfully.
[2024-01-31 07:00:06.966507] Updated PHTO successfully.
[2024-01-31 07:00:06.966521] Updated KOXR successfully.
[2024-02-01 07:00:08.405333] Updated KTPA successfully.
[2024-02-01 07:00:08.405432] Updated KVDF successfully.
[2024-02-01 07:00:08.405451] Updated PHTO successfully.
[2024-02-01 07:00:08.405463] Updated KOXR successfully.
[2024-02-02 07:00:06.975298] Updated KTPA successfully.
[2024-02-02 07:00:06.975395] Updated KVDF successfully.
[2024-02-02 07:00:06.975414] Updated PHTO successfully.
[2024-02-02 07:00:06.975426] Updated KOXR successfully.
[2024-02-03 07:00:06.172013] Updated KTPA successfully.
[2024-02-03 07:00:06.172111] Updated KVDF successfully.
[2024-02-03 07:00:06.172131] Updated PHTO successfully.
[2024-02-03 07:00:06.172145] Updated KOXR successfully.
[2024-02-04 07:00:05.511300] Updated KTPA successfully.
[2024-02-04 07:00:05.511398] Updated KVDF successfully.
[2024-02-04 07:00:05.511417] Updated PHTO successfully.
[2024-02-04 07:00:05.511430] Updated KOXR successfully.
[2024-02-05 07:00:07.558975] Updated KTPA successfully.
[2024-02-05 07:00:07.559073] Updated KVDF successfully.
[2024-02-05 07:00:07.559091] Updated PHTO successfully.
[2024-02-05 07:00:07.559104] Updated KOXR successfully.
[2024-02-06 07:00:07.997027] Updated KTPA successfully.
[2024-02-06 07:00:07.997124] Updated KVDF successfully.
[2024-02-06 07:00:07.997142] Updated PHTO successfully.
[2024-02-06 07:00:07.997155] Updated KOXR successfully.
[2024-02-07 07:00:06.873512] Updated KTPA successfully.
[2024-02-07 07:00:06.873609] Updated KVDF successfully.
[2024-02-07 07:00:06.873627] Updated PHTO successfully.
[2024-02-07 07:00:06.873639] Updated KOXR successfully.
[2024-02-08 07:00:06.073158] Updated KTPA successfully.
[2024-02-08 07:00:06.073259] Updated KVDF successfully.
[2024-02-08 07:00:06.073277] Updated PHTO successfully.
[2024-02-08 07:00:06.073296] Updated KOXR successfully.
[2024-02-09 07:00:07.579952] Updated KTPA successfully.
[2024-02-09 07:00:07.580070] Updated KVDF successfully.
[2024-02-09 07:00:07.580090] Updated PHTO successfully.
[2024-02-09 07:00:07.580103] Updated KOXR successfully.
[2024-02-10 07:00:05.285910] Updated KTPA successfully.
[2024-02-10 07:00:05.286006] Updated KVDF successfully.
[2024-02-10 07:00:05.286025] Updated PHTO successfully.
[2024-02-10 07:00:05.286037] Updated KOXR successfully.
[2024-02-11 07:00:07.855348] Updated KTPA successfully.
[2024-02-11 07:00:07.855447] Updated KVDF successfully.
[2024-02-11 07:00:07.855466] Updated PHTO successfully.
[2024-02-11 07:00:07.855479] Updated KOXR successfully.
[2024-02-12 07:00:04.767978] Updated KTPA successfully.
[2024-02-12 07:00:04.768074] Updated KVDF successfully.
[2024-02-12 07:00:04.768098] Updated PHTO successfully.
[2024-02-12 07:00:04.768112] Updated KOXR successfully.
[2024-02-13 07:00:08.165053] Updated KTPA successfully.
[2024-02-13 07:00:08.165153] Updated KVDF successfully.
[2024-02-13 07:00:08.165173] Updated PHTO successfully.
[2024-02-13 07:00:08.165187] Updated KOXR successfully.
[2024-02-14 07:00:08.379919] Updated KTPA successfully.
[2024-02-14 07:00:08.380018] Updated KVDF successfully.
[2024-02-14 07:00:08.380038] Updated PHTO successfully.
[2024-02-14 07:00:08.380057] Updated KOXR successfully.
[2024-02-15 07:00:10.058340] Updated KTPA successfully.
[2024-02-15 07:00:10.058442] Updated KVDF successfully.
[2024-02-15 07:00:10.058461] Updated PHTO successfully.
[2024-02-15 07:00:10.058485] Updated KOXR successfully.
[2024-02-16 07:00:08.374997] Updated KTPA successfully.
[2024-02-16 07:00:08.375094] Updated KVDF successfully.
[2024-02-16 07:00:08.375113] Updated PHTO successfully.
[2024-02-16 07:00:08.375126] Updated KOXR successfully.
[2024-02-17 07:00:09.896631] Updated KTPA successfully.
[2024-02-17 07:00:09.896728] Updated KVDF successfully.
[2024-02-17 07:00:09.896748] Updated PHTO successfully.
[2024-02-17 07:00:09.896761] Updated KOXR successfully.
[2024-02-18 07:00:06.022392] Updated KTPA successfully.
[2024-02-18 07:00:06.022486] Updated KVDF successfully.
[2024-02-18 07:00:06.022505] Updated PHTO successfully.
[2024-02-18 07:00:06.022517] Updated KOXR successfully.
[2024-02-19 07:00:08.522388] Updated KTPA successfully.
[2024-02-19 07:00:08.522486] Updated KVDF successfully.
[2024-02-19 07:00:08.522506] Updated PHTO successfully.
[2024-02-19 07:00:08.522518] Updated KOXR successfully.
[2024-02-20 07:00:06.976629] Updated KTPA successfully.
[2024-02-20 07:00:06.976726] Updated KVDF successfully.
[2024-02-20 07:00:06.976745] Updated PHTO successfully.
[2024-02-20 07:00:06.976758] Updated KOXR successfully.
[2024-02-21 07:00:07.437027] Updated KTPA successfully.
[2024-02-21 07:00:07.437143] Updated KVDF successfully.
[2024-02-21 07:00:07.437164] Updated PHTO successfully.
[2024-02-21 07:00:07.437178] Updated KOXR successfully.
[2024-02-22 07:00:09.270818] Updated KTPA successfully.
[2024-02-22 07:00:09.270914] Updated KVDF successfully.
[2024-02-22 07:00:09.270933] Updated PHTO successfully.
[2024-02-22 07:00:09.270946] Updated KOXR successfully.
[2024-02-23 07:00:10.312069] Updated KTPA successfully.
[2024-02-23 07:00:10.312164] Updated KVDF successfully.
[2024-02-23 07:00:10.312183] Updated PHTO successfully.
[2024-02-23 07:00:10.312196] Updated KOXR successfully.
[2024-02-24 07:00:11.773094] Updated KTPA successfully.
[2024-02-24 07:00:11.773196] Updated KVDF successfully.
[2024-02-24 07:00:11.773215] Updated PHTO successfully.
[2024-02-24 07:00:11.773229] Updated KOXR successfully.
[2024-02-25 07:00:12.594410] Updated KTPA successfully.
[2024-02-25 07:00:12.594508] Updated KVDF successfully.
[2024-02-25 07:00:12.594528] Updated PHTO successfully.
[2024-02-25 07:00:12.594542] Updated KOXR successfully.
[2024-02-26 07:00:10.259964] Updated KTPA successfully.
[2024-02-26 07:00:10.260059] Updated KVDF successfully.
[2024-02-26 07:00:10.260078] Updated PHTO successfully.
[2024-02-26 07:00:10.260091] Updated KOXR successfully.
[2024-02-27 07:00:08.899418] Updated KTPA successfully.
[2024-02-27 07:00:08.899515] Updated KVDF successfully.
[2024-02-27 07:00:08.899534] Updated PHTO successfully.
[2024-02-27 07:00:08.899546] Updated KOXR successfully.
[2024-02-28 07:00:07.580717] Updated KTPA successfully.
[2024-02-28 07:00:07.580819] Updated KVDF successfully.
[2024-02-28 07:00:07.580838] Updated PHTO successfully.
[2024-02-28 07:00:07.580851] Updated KOXR successfully.
[2024-02-29 07:00:08.610682] Updated KTPA successfully.
[2024-02-29 07:00:08.610779] Updated KVDF successfully.
[2024-02-29 07:00:08.610799] Updated PHTO successfully.
[2024-02-29 07:00:08.610812] Updated KOXR successfully.
[2024-03-01 07:00:09.146289] Updated KTPA successfully.
[2024-03-01 07:00:09.146385] Updated KVDF successfully.
[2024-03-01 07:00:09.146404] Updated PHTO successfully.
[2024-03-01 07:00:09.146416] Updated KOXR successfully.
[2024-03-02 07:00:10.246557] Updated KTPA successfully.
[2024-03-02 07:00:10.246660] Updated KVDF successfully.
[2024-03-02 07:00:10.246679] Updated PHTO successfully.
[2024-03-02 07:00:10.246693] Updated KOXR successfully.
[2024-03-03 07:00:07.091168] Updated KTPA successfully.
[2024-03-03 07:00:07.091265] Updated KVDF successfully.
[2024-03-03 07:00:07.091284] Updated PHTO successfully.
[2024-03-03 07:00:07.091297] Updated KOXR successfully.
[2024-03-04 07:00:07.549723] Updated KTPA successfully.
[2024-03-04 07:00:07.549820] Updated KVDF successfully.
[2024-03-04 07:00:07.549839] Updated PHTO successfully.
[2024-03-04 07:00:07.549852] Updated KOXR successfully.
[2024-03-05 07:00:07.159728] Updated KTPA successfully.
[2024-03-05 07:00:07.159910] Updated KVDF successfully.
[2024-03-05 07:00:07.159933] Updated PHTO successfully.
[2024-03-05 07:00:07.159948] Updated KOXR successfully.
[2024-03-06 07:00:09.163428] Updated KTPA successfully.
[2024-03-06 07:00:09.163529] Updated KVDF successfully.
[2024-03-06 07:00:09.163548] Updated PHTO successfully.
[2024-03-06 07:00:09.163561] Updated KOXR successfully.
[2024-03-07 07:00:07.146665] Updated KTPA successfully.
[2024-03-07 07:00:07.146759] Updated KVDF successfully.
[2024-03-07 07:00:07.146777] Updated PHTO successfully.
[2024-03-07 07:00:07.146790] Updated KOXR successfully.
[2024-03-08 07:00:09.280991] Updated KTPA successfully.
[2024-03-08 07:00:09.281093] Updated KVDF successfully.
[2024-03-08 07:00:09.281114] Updated PHTO successfully.
[2024-03-08 07:00:09.281127] Updated KOXR successfully.
[2024-03-09 07:00:08.030087] Updated KTPA successfully.
[2024-03-09 07:00:08.030186] Updated KVDF successfully.
[2024-03-09 07:00:08.030205] Updated PHTO successfully.
[2024-03-09 07:00:08.030218] Updated KOXR successfully.
[2024-03-10 07:00:07.552396] Updated KTPA successfully.
[2024-03-10 07:00:07.552494] Updated KVDF successfully.
[2024-03-10 07:00:07.552513] Updated PHTO successfully.
[2024-03-10 07:00:07.552526] Updated KOXR successfully.
[2024-03-11 07:00:09.123720] Updated KTPA successfully.
[2024-03-11 07:00:09.123819] Updated KVDF successfully.
[2024-03-11 07:00:09.123838] Updated PHTO successfully.
[2024-03-11 07:00:09.123851] Updated KOXR successfully.
[2024-03-12 07:00:08.200300] Updated KTPA successfully.
[2024-03-12 07:00:08.200399] Updated KVDF successfully.
[2024-03-12 07:00:08.200422] Updated PHTO successfully.
[2024-03-12 07:00:08.200436] Updated KOXR successfully.
[2024-03-13 07:00:09.554850] Updated KTPA successfully.
[2024-03-13 07:00:09.554950] Updated KVDF successfully.
[2024-03-13 07:00:09.554973] Updated PHTO successfully.
[2024-03-13 07:00:09.554987] Updated KOXR successfully.
[2024-03-14 07:00:07.926646] Updated KTPA successfully.
[2024-03-14 07:00:07.926750] Updated KVDF successfully.
[2024-03-14 07:00:07.926770] Updated PHTO successfully.
[2024-03-14 07:00:07.926783] Updated KOXR successfully.
[2024-03-15 07:00:10.410891] Updated KTPA successfully.
[2024-03-15 07:00:10.410987] Updated KVDF successfully.
[2024-03-15 07:00:10.411007] Updated PHTO successfully.
[2024-03-15 07:00:10.411020] Updated KOXR successfully.
[2024-03-16 07:00:09.459345] Updated KTPA successfully.
[2024-03-16 07:00:09.459451] Updated KVDF successfully.
[2024-03-16 07:00:09.459471] Updated PHTO successfully.
[2024-03-16 07:00:09.459484] Updated KOXR successfully.
[2024-03-17 07:00:07.307800] Updated KTPA successfully.
[2024-03-17 07:00:07.307902] Updated KVDF successfully.
[2024-03-17 07:00:07.307921] Updated PHTO successfully.
[2024-03-17 07:00:07.307992] Updated KOXR successfully.
[2024-03-18 07:00:07.024619] Updated KTPA successfully.
[2024-03-18 07:00:07.024717] Updated KVDF successfully.
[2024-03-18 07:00:07.024737] Updated PHTO successfully.
[2024-03-18 07:00:07.024750] Updated KOXR successfully.
[2024-03-19 07:00:10.033038] Updated KTPA successfully.
[2024-03-19 07:00:10.033132] Updated KVDF successfully.
[2024-03-19 07:00:10.033151] Updated PHTO successfully.
[2024-03-19 07:00:10.033164] Updated KOXR successfully.
[2024-03-20 07:00:08.387568] Updated KTPA successfully.
[2024-03-20 07:00:08.387696] Updated KVDF successfully.
[2024-03-20 07:00:08.387717] Updated PHTO successfully.
[2024-03-20 07:00:08.387730] Updated KOXR successfully.
[2024-03-21 07:00:08.091841] Updated KTPA successfully.
[2024-03-21 07:00:08.091953] Updated KVDF successfully.
[2024-03-21 07:00:08.091972] Updated PHTO successfully.
[2024-03-21 07:00:08.091985] Updated KOXR successfully.
[2024-03-22 07:00:07.341400] Updated KTPA successfully.
[2024-03-22 07:00:07.341499] Updated KVDF successfully.
[2024-03-22 07:00:07.341519] Updated PHTO successfully.
[2024-03-22 07:00:07.341532] Updated KOXR successfully.
[2024-03-23 07:00:08.561825] Updated KTPA successfully.
[2024-03-23 07:00:08.561941] Updated KVDF successfully.
[2024-03-23 07:00:08.561960] Updated PHTO successfully.
[2024-03-23 07:00:08.561973] Updated KOXR successfully.
[2024-03-24 07:00:07.042821] Updated KTPA successfully.
[2024-03-24 07:00:07.042919] Updated KVDF successfully.
[2024-03-24 07:00:07.042938] Updated PHTO successfully.
[2024-03-24 07:00:07.042957] Updated KOXR successfully.
[2024-03-25 07:00:07.782111] Updated KTPA successfully.
[2024-03-25 07:00:07.784448] Updated KVDF successfully.
[2024-03-25 07:00:07.784475] Updated PHTO successfully.
[2024-03-25 07:00:07.784488] Updated KOXR successfully.
[2024-03-26 07:00:07.819491] Updated KTPA successfully.
[2024-03-26 07:00:07.819587] Updated KVDF successfully.
[2024-03-26 07:00:07.819607] Updated PHTO successfully.
[2024-03-26 07:00:07.819620] Updated KOXR successfully.
[2024-03-27 07:00:10.529324] Updated KTPA successfully.
[2024-03-27 07:00:10.529420] Updated KVDF successfully.
[2024-03-27 07:00:10.529439] Updated PHTO successfully.
[2024-03-27 07:00:10.529452] Updated KOXR successfully.
[2024-03-28 07:00:06.228699] Updated KTPA successfully.
[2024-03-28 07:00:06.228806] Updated KVDF successfully.
[2024-03-28 07:00:06.228826] Updated PHTO successfully.
[2024-03-28 07:00:06.228843] Updated KOXR successfully.
[2024-03-29 07:00:05.350030] Updated KTPA successfully.
[2024-03-29 07:00:05.350127] Updated KVDF successfully.
[2024-03-29 07:00:05.350147] Updated PHTO successfully.
[2024-03-29 07:00:05.350160] Updated KOXR successfully.
[2024-03-30 07:00:06.833537] Updated KTPA successfully.
[2024-03-30 07:00:06.833638] Updated KVDF successfully.
[2024-03-30 07:00:06.833658] Updated PHTO successfully.
[2024-03-30 07:00:06.833671] Updated KOXR successfully.
[2024-03-31 07:00:04.333064] Updated KTPA successfully.
[2024-03-31 07:00:04.333157] Updated KVDF successfully.
[2024-03-31 07:00:04.333176] Updated PHTO successfully.
[2024-03-31 07:00:04.333189] Updated KOXR successfully.
[2024-04-01 07:00:06.224202] Updated KTPA successfully.
[2024-04-01 07:00:06.224297] Updated KVDF successfully.
[2024-04-01 07:00:06.224314] Updated PHTO successfully.
[2024-04-01 07:00:06.224327] Updated KOXR successfully.
[2024-04-02 07:00:06.108421] Updated KTPA successfully.
[2024-04-02 07:00:06.108524] Updated KVDF successfully.
[2024-04-02 07:00:06.108544] Updated PHTO successfully.
[2024-04-02 07:00:06.108556] Updated KOXR successfully.
[2024-04-03 07:00:07.639053] Updated KTPA successfully.
[2024-04-03 07:00:07.639149] Updated KVDF successfully.
[2024-04-03 07:00:07.639170] Updated PHTO successfully.
[2024-04-03 07:00:07.639258] Updated KOXR successfully.
[2024-04-04 07:00:09.908346] Updated KTPA successfully.
[2024-04-04 07:00:09.908440] Updated KVDF successfully.
[2024-04-04 07:00:09.908460] Updated PHTO successfully.
[2024-04-04 07:00:09.908474] Updated KOXR successfully.
[2024-04-05 07:00:09.947984] Updated KTPA successfully.
[2024-04-05 07:00:09.948081] Updated KVDF successfully.
[2024-04-05 07:00:09.948100] Updated PHTO successfully.
[2024-04-05 07:00:09.948113] Updated KOXR successfully.
[2024-04-06 07:00:05.992586] Updated KTPA successfully.
[2024-04-06 07:00:05.992683] Updated KVDF successfully.
[2024-04-06 07:00:05.992702] Updated PHTO successfully.
[2024-04-06 07:00:05.992714] Updated KOXR successfully.
[2024-04-07 07:00:06.145812] Updated KTPA successfully.
[2024-04-07 07:00:06.145909] Updated KVDF successfully.
[2024-04-07 07:00:06.145928] Updated PHTO successfully.
[2024-04-07 07:00:06.145940] Updated KOXR successfully.
[2024-04-08 07:00:09.956491] Updated KTPA successfully.
[2024-04-08 07:00:09.956588] Updated KVDF successfully.
[2024-04-08 07:00:09.956607] Updated PHTO successfully.
[2024-04-08 07:00:09.956621] Updated KOXR successfully.
[2024-04-09 07:00:08.948244] Updated KTPA successfully.
[2024-04-09 07:00:08.948341] Updated KVDF successfully.
[2024-04-09 07:00:08.948361] Updated PHTO successfully.
[2024-04-09 07:00:08.948374] Updated KOXR successfully.
[2024-04-10 07:00:10.944082] Updated KTPA successfully.
[2024-04-10 07:00:10.944183] Updated KVDF successfully.
[2024-04-10 07:00:10.944202] Updated PHTO successfully.
[2024-04-10 07:00:10.944214] Updated KOXR successfully.
[2024-04-11 07:00:09.929495] Updated KTPA successfully.
[2024-04-11 07:00:09.929594] Updated KVDF successfully.
[2024-04-11 07:00:09.929613] Updated PHTO successfully.
[2024-04-11 07:00:09.929626] Updated KOXR successfully.
[2024-04-12 07:00:09.725708] Updated KTPA successfully.
[2024-04-12 07:00:09.725808] Updated KVDF successfully.
[2024-04-12 07:00:09.725829] Updated PHTO successfully.
[2024-04-12 07:00:09.725843] Updated KOXR successfully.
[2024-04-13 07:00:07.185819] Updated KTPA successfully.
[2024-04-13 07:00:07.185918] Updated KVDF successfully.
[2024-04-13 07:00:07.185937] Updated PHTO successfully.
[2024-04-13 07:00:07.185950] Updated KOXR successfully.
[2024-04-14 07:00:08.564119] Updated KTPA successfully.
[2024-04-14 07:00:08.564216] Updated KVDF successfully.
[2024-04-14 07:00:08.564234] Updated PHTO successfully.
[2024-04-14 07:00:08.564247] Updated KOXR successfully.
[2024-04-15 07:00:07.470493] Updated KTPA successfully.
[2024-04-15 07:00:07.470589] Updated KVDF successfully.
[2024-04-15 07:00:07.470609] Updated PHTO successfully.
[2024-04-15 07:00:07.470623] Updated KOXR successfully.
[2024-04-16 07:00:12.069267] Updated KTPA successfully.
[2024-04-16 07:00:12.069365] Updated KVDF successfully.
[2024-04-16 07:00:12.069384] Updated PHTO successfully.
[2024-04-16 07:00:12.069397] Updated KOXR successfully.
[2024-04-17 07:00:08.683653] Updated KTPA successfully.
[2024-04-17 07:00:08.683778] Updated KVDF successfully.
[2024-04-17 07:00:08.683798] Updated PHTO successfully.
[2024-04-17 07:00:08.683811] Updated KOXR successfully.
[2024-04-18 07:00:07.382757] Updated KTPA successfully.
[2024-04-18 07:00:07.382857] Updated KVDF successfully.
[2024-04-18 07:00:07.382877] Updated PHTO successfully.
[2024-04-18 07:00:07.382890] Updated KOXR successfully.
[2024-04-19 07:00:05.577286] Updated KTPA successfully.
[2024-04-19 07:00:05.577385] Updated KVDF successfully.
[2024-04-19 07:00:05.577405] Updated PHTO successfully.
[2024-04-19 07:00:05.577418] Updated KOXR successfully.
[2024-04-20 07:00:05.205577] Updated KTPA successfully.
[2024-04-20 07:00:05.205679] Updated KVDF successfully.
[2024-04-20 07:00:05.205698] Updated PHTO successfully.
[2024-04-20 07:00:05.205710] Updated KOXR successfully.
[2024-04-21 07:00:06.019207] Updated KTPA successfully.
[2024-04-21 07:00:06.019304] Updated KVDF successfully.
[2024-04-21 07:00:06.019323] Updated PHTO successfully.
[2024-04-21 07:00:06.019336] Updated KOXR successfully.
[2024-04-22 07:00:06.191172] Updated KTPA successfully.
[2024-04-22 07:00:06.191269] Updated KVDF successfully.
[2024-04-22 07:00:06.191288] Updated PHTO successfully.
[2024-04-22 07:00:06.191301] Updated KOXR successfully.
[2024-04-23 07:00:08.481226] Updated KTPA successfully.
[2024-04-23 07:00:08.481327] Updated KVDF successfully.
[2024-04-23 07:00:08.481347] Updated PHTO successfully.
[2024-04-23 07:00:08.481360] Updated KOXR successfully.
[2024-04-24 07:00:04.790147] Updated KTPA successfully.
[2024-04-24 07:00:04.790245] Updated KVDF successfully.
[2024-04-24 07:00:04.790264] Updated PHTO successfully.
[2024-04-24 07:00:04.790277] Updated KOXR successfully.
[2024-04-25 07:00:04.875254] Updated KTPA successfully.
[2024-04-25 07:00:04.875353] Updated KVDF successfully.
[2024-04-25 07:00:04.875373] Updated PHTO successfully.
[2024-04-25 07:00:04.875386] Updated KOXR successfully.
[2024-04-26 07:00:04.524080] Updated KTPA successfully.
[2024-04-26 07:00:04.524179] Updated KVDF successfully.
[2024-04-26 07:00:04.524198] Updated PHTO successfully.
[2024-04-26 07:00:04.524212] Updated KOXR successfully.
[2024-04-27 07:00:06.287296] Updated KTPA successfully.
[2024-04-27 07:00:06.287393] Updated KVDF successfully.
[2024-04-27 07:00:06.287412] Updated PHTO successfully.
[2024-04-27 07:00:06.287425] Updated KOXR successfully.
